0 info it worked if it ends with ok
1 verbose cli [ '/usr/bin/node', '/usr/bin/npm', 'run', 'dev' ]
2 info using npm@3.5.2
3 info using node@v8.10.0
4 verbose run-script [ 'predev', 'dev', 'postdev' ]
5 info lifecycle API@1.0.0~predev: API@1.0.0
6 silly lifecycle API@1.0.0~predev: no script for predev, continuing
7 info lifecycle API@1.0.0~dev: API@1.0.0
8 verbose lifecycle API@1.0.0~dev: unsafe-perm in lifecycle true
9 verbose lifecycle API@1.0.0~dev: PATH: /usr/share/npm/bin/node-gyp-bin:/home/matheus/OneDrive/Coding/WEB/Jogo-da-velha-online/API/node_modules/.bin:/usr/local/sbin:/usr/local/bin:/usr/sbin:/usr/bin:/sbin:/bin:/usr/games:/usr/local/games:/opt/jdk1.8.0_201:/opt/jdk1.8.0_201/bin:/opt/mongodb-shell-linux-x86_64-ubuntu1804-4.0.10/mongodb-linux-x86_64-ubuntu1804-4.0.10/bin:/snap/bin
10 verbose lifecycle API@1.0.0~dev: CWD: /home/matheus/OneDrive/Coding/WEB/Jogo-da-velha-online/API
11 silly lifecycle API@1.0.0~dev: Args: [ '-c', 'nodemon server.js' ]
12 info lifecycle API@1.0.0~dev: Failed to exec dev script
13 verbose stack Error: API@1.0.0 dev: `nodemon server.js`
13 verbose stack spawn ENOENT
13 verbose stack     at ChildProcess.<anonymous> (/usr/share/npm/lib/utils/spawn.js:17:16)
13 verbose stack     at emitTwo (events.js:126:13)
13 verbose stack     at ChildProcess.emit (events.js:214:7)
13 verbose stack     at maybeClose (internal/child_process.js:925:16)
13 verbose stack     at Process.ChildProcess._handle.onexit (internal/child_process.js:209:5)
14 verbose pkgid API@1.0.0
15 verbose cwd /home/matheus/OneDrive/Coding/WEB/Jogo-da-velha-online/API
16 error Linux 4.18.0-25-generic
17 error argv "/usr/bin/node" "/usr/bin/npm" "run" "dev"
18 error node v8.10.0
19 error npm  v3.5.2
20 error file sh
21 error code ELIFECYCLE
22 error errno ENOENT
23 error syscall spawn
24 error API@1.0.0 dev: `nodemon server.js`
24 error spawn ENOENT
25 error Failed at the API@1.0.0 dev script 'nodemon server.js'.
25 error Make sure you have the latest version of node.js and npm installed.
25 error If you do, this is most likely a problem with the API package,
25 error not with npm itself.
25 error Tell the author that this fails on your system:
25 error     nodemon server.js
25 error You can get information on how to open an issue for this project with:
25 error     npm bugs API
25 error Or if that isn't available, you can get their info via:
25 error     npm owner ls API
25 error There is likely additional logging output above.
26 verbose exit [ 1, true ]
